<?xml version="1.0" encoding="UTF-8"?>
<!-- Generated by org.testng.reporters.JUnitReportReporter -->
<testsuite skipped="0" hostname="LAPTOP-SMQL2TD9" name="Acadamy.E2ESeleniumProj.HomePage" tests="1" failures="0" timestamp="2020-09-11T00:30:34 IST" time="6.795" errors="0">
  <testcase name="basePageNavigation" time="6.795" classname="Acadamy.E2ESeleniumProj.HomePage"/>
  <system-out/>
</testsuite> <!-- Acadamy.E2ESeleniumProj.HomePage -->
