<?xml version="1.0" encoding="UTF-8"?>
<!-- Generated by org.testng.reporters.JUnitReportReporter -->
<testsuite skipped="0" hostname="LAPTOP-SMQL2TD9" name="experimentTestCase.LoginTest" tests="1" failures="0" timestamp="2020-09-11T00:30:34 IST" time="0.336" errors="0">
  <testcase name="login" time="0.336" classname="experimentTestCase.LoginTest"/>
  <system-out/>
</testsuite> <!-- experimentTestCase.LoginTest -->
